Arguments: 
  /usr/bin/node /usr/share/yarn/bin/yarn.js install

PATH: 
  /usr/local/sbin:/usr/local/bin:/usr/sbin:/usr/bin:/sbin:/bin:/usr/games:/usr/local/games:/snap/bin

Yarn version: 
  1.17.3

Node version: 
  10.15.2

Platform: 
  linux x64

Trace: 
  Error: EACCES: permission denied, unlink '/var/www/symfony-auth0-api/node_modules/@babel/core/node_modules/ms/index.js'

npm manifest: 
  {
      "devDependencies": {
          "@babel/preset-react": "^7.0.0",
          "@symfony/webpack-encore": "^0.27.0",
          "core-js": "^3.0.0",
          "regenerator-runtime": "^0.13.2",
          "webpack-notifier": "^1.6.0"
      },
      "license": "UNLICENSED",
      "private": true,
      "scripts": {
          "dev-server": "encore dev-server",
          "dev": "encore dev",
          "watch": "encore dev --watch",
          "homepage": "./",
          "build": "encore production --progress"
      },
      "dependencies": {
          "@babel/plugin-proposal-class-properties": "^7.5.5",
          "@babel/plugin-transform-runtime": "^7.5.5",
          "auth0-js": "^9.11.3",
          "axios": "^0.19.0",
          "prop-types": "^15.7.2",
          "react": "^16.8.6",
          "react-dom": "^16.8.6",
          "react-router-dom": "^5.0.1",
          "reactstrap": "^8.0.1"
      }
  }

yarn manifest: 
  No manifest

Lockfile: 
  No lockfile
